{
  "stats": {
    "suites": 1,
    "tests": 1,
    "passes": 1,
    "pending": 0,
    "failures": 0,
    "start": "2023-05-23T06:48:45.792Z",
    "end": "2023-05-23T06:49:33.450Z",
    "duration": 47658,
    "testsRegistered": 1,
    "passPercent": 100,
    "pendingPercent": 0,
    "other": 0,
    "hasOther": false,
    "skipped": 0,
    "hasSkipped": false
  },
  "results": [
    {
      "uuid": "c4dc4716-be18-41c6-b477-d7897d83f82f",
      "title": "",
      "fullFile": "cypress\\integration\\News\\News.spec.ts",
      "file": "cypress\\integration\\News\\News.spec.ts",
      "beforeHooks": [],
      "afterHooks": [],
      "tests": [],
      "suites": [
        {
          "uuid": "41b11956-b066-4091-a9f0-e870b4a7e97f",
          "title": "Landing NewsForm",
          "fullFile": "",
          "file": "",
          "beforeHooks": [],
          "afterHooks": [],
          "tests": [
            {
              "title": "Validate all news fields",
              "fullTitle": "Landing NewsForm Validate all news fields",
              "timedOut": null,
              "duration": 47448,
              "state": "passed",
              "speed": "slow",
              "pass": true,
              "fail": false,
              "pending": false,
              "context": null,
              "code": "cy.get('button[type=\"submit\"]').click();\ncy.contains('Title is required');\ncy.contains('Content is required');\ncy.contains('Author is required');",
              "err": {},
              "uuid": "85e06069-30b9-4933-8333-62c979fa93d5",
              "parentUUID": "41b11956-b066-4091-a9f0-e870b4a7e97f",
              "isHook": false,
              "skipped": false
            }
          ],
          "suites": [],
          "passes": [
            "85e06069-30b9-4933-8333-62c979fa93d5"
          ],
          "failures": [],
          "pending": [],
          "skipped": [],
          "duration": 47448,
          "root": false,
          "rootEmpty": false,
          "_timeout": 2000
        }
      ],
      "passes": [],
      "failures": [],
      "pending": [],
      "skipped": [],
      "duration": 0,
      "root": true,
      "rootEmpty": true,
      "_timeout": 2000
    }
  ],
  "meta": {
    "mocha": {
      "version": "7.0.1"
    },
    "mochawesome": {
      "options": {
        "quiet": false,
        "reportFilename": "mochawesome",
        "saveHtml": true,
        "saveJson": true,
        "consoleReporter": "spec",
        "useInlineDiffs": false,
        "code": true
      },
      "version": "7.1.3"
    },
    "marge": {
      "options": {
        "id": "default",
        "reportDir": "cypress/reports/mochawesome",
        "overwrite": false,
        "html": true,
        "json": true
      },
      "version": "6.2.0"
    }
  }
}